<?xml version="1.0" encoding="UTF-8"?>
<!-- Generated by org.testng.reporters.JUnitXMLReporter -->
<testsuite ignored="50" hostname="Bharaths-MacBook-Pro.local" failures="0" tests="26" name="Surefire test" time="0.022" errors="0" timestamp="2025-06-26T12:41:19 IST">
  <testcase classname="utilities.BaseClass" name="@BeforeSuite init" time="0.072">
    <failure type="java.lang.IllegalStateException" message="The path to the driver executable must be set by the webdriver.chrome.driver system property; for more information, see https://github.com/SeleniumHQ/selenium/wiki/ChromeDriver. The latest version can be downloaded from http://chromedriver.storage.googleapis.com/index.html">
      <![CDATA[java.lang.IllegalStateException: The path to the driver executable must be set by the webdriver.chrome.driver system property; for more information, see https://github.com/SeleniumHQ/selenium/wiki/ChromeDriver. The latest version can be downloaded from http://chromedriver.storage.googleapis.com/index.html
at com.google.common.base.Preconditions.checkState(Preconditions.java:847)
at org.openqa.selenium.remote.service.DriverService.findExecutable(DriverService.java:134)
at org.openqa.selenium.chrome.ChromeDriverService.access$000(ChromeDriverService.java:35)
at org.openqa.selenium.chrome.ChromeDriverService$Builder.findDefaultExecutable(ChromeDriverService.java:159)
at org.openqa.selenium.remote.service.DriverService$Builder.build(DriverService.java:355)
at org.openqa.selenium.chrome.ChromeDriverService.createDefaultService(ChromeDriverService.java:94)
at org.openqa.selenium.chrome.ChromeDriver.<init>(ChromeDriver.java:123)
at utilities.BaseClass.init(BaseClass.java:84)
... Removed 24 stack frames]]>
    </failure>
  </testcase> <!-- @BeforeSuite init -->
  <testcase classname="utilities.BaseClass" name="@AfterMethod getResult" time="0.0">
    <skipped/>
  </testcase> <!-- @AfterMethod getResult -->
  <testcase classname="utilities.BaseClass" name="@AfterMethod getResult" time="0.0">
    <skipped/>
  </testcase> <!-- @AfterMethod getResult -->
  <testcase classname="utilities.BaseClass" name="@AfterMethod getResult" time="0.0">
    <skipped/>
  </testcase> <!-- @AfterMethod getResult -->
  <testcase classname="utilities.BaseClass" name="@AfterMethod getResult" time="0.0">
    <skipped/>
  </testcase> <!-- @AfterMethod getResult -->
  <testcase classname="utilities.BaseClass" name="@AfterMethod getResult" time="0.0">
    <skipped/>
  </testcase> <!-- @AfterMethod getResult -->
  <testcase classname="utilities.BaseClass" name="@AfterMethod getResult" time="0.0">
    <skipped/>
  </testcase> <!-- @AfterMethod getResult -->
  <testcase classname="utilities.BaseClass" name="@AfterMethod getResult" time="0.0">
    <skipped/>
  </testcase> <!-- @AfterMethod getResult -->
  <testcase classname="utilities.BaseClass" name="@AfterMethod getResult" time="0.0">
    <skipped/>
  </testcase> <!-- @AfterMethod getResult -->
  <testcase classname="utilities.BaseClass" name="@AfterMethod getResult" time="0.0">
    <skipped/>
  </testcase> <!-- @AfterMethod getResult -->
  <testcase classname="utilities.BaseClass" name="@AfterMethod getResult" time="0.0">
    <skipped/>
  </testcase> <!-- @AfterMethod getResult -->
  <testcase classname="utilities.BaseClass" name="@AfterMethod getResult" time="0.0">
    <skipped/>
  </testcase> <!-- @AfterMethod getResult -->
  <testcase classname="utilities.BaseClass" name="@AfterMethod getResult" time="0.0">
    <skipped/>
  </testcase> <!-- @AfterMethod getResult -->
  <testcase classname="utilities.BaseClass" name="@AfterMethod getResult" time="0.0">
    <skipped/>
  </testcase> <!-- @AfterMethod getResult -->
  <testcase classname="utilities.BaseClass" name="@AfterMethod getResult" time="0.0">
    <skipped/>
  </testcase> <!-- @AfterMethod getResult -->
  <testcase classname="utilities.BaseClass" name="@AfterMethod getResult" time="0.0">
    <skipped/>
  </testcase> <!-- @AfterMethod getResult -->
  <testcase classname="utilities.BaseClass" name="@AfterMethod getResult" time="0.0">
    <skipped/>
  </testcase> <!-- @AfterMethod getResult -->
  <testcase classname="utilities.BaseClass" name="@AfterMethod getResult" time="0.0">
    <skipped/>
  </testcase> <!-- @AfterMethod getResult -->
  <testcase classname="utilities.BaseClass" name="@AfterMethod getResult" time="0.0">
    <skipped/>
  </testcase> <!-- @AfterMethod getResult -->
  <testcase classname="utilities.BaseClass" name="@AfterMethod getResult" time="0.0">
    <skipped/>
  </testcase> <!-- @AfterMethod getResult -->
  <testcase classname="utilities.BaseClass" name="@AfterMethod getResult" time="0.0">
    <skipped/>
  </testcase> <!-- @AfterMethod getResult -->
  <testcase classname="utilities.BaseClass" name="@AfterMethod getResult" time="0.0">
    <skipped/>
  </testcase> <!-- @AfterMethod getResult -->
  <testcase classname="utilities.BaseClass" name="@AfterMethod getResult" time="0.0">
    <skipped/>
  </testcase> <!-- @AfterMethod getResult -->
  <testcase classname="utilities.BaseClass" name="@AfterMethod getResult" time="0.0">
    <skipped/>
  </testcase> <!-- @AfterMethod getResult -->
  <testcase classname="utilities.BaseClass" name="@AfterMethod getResult" time="0.0">
    <skipped/>
  </testcase> <!-- @AfterMethod getResult -->
  <testcase classname="utilities.BaseClass" name="@AfterMethod getResult" time="0.0">
    <skipped/>
  </testcase> <!-- @AfterMethod getResult -->
  <testcase classname="utilities.BaseClass" name="@AfterMethod getResult" time="0.0">
    <skipped/>
  </testcase> <!-- @AfterMethod getResult -->
  <testcase classname="Tests.Testcase02" name="loginUser" time="0.0">
    <skipped/>
  </testcase> <!-- loginUser -->
  <testcase classname="Tests.Testcase26" name="scrollUp" time="0.0">
    <skipped/>
  </testcase> <!-- scrollUp -->
  <testcase classname="Tests.Testcase24" name="downloadInvoice" time="0.0">
    <skipped/>
  </testcase> <!-- downloadInvoice -->
  <testcase classname="Tests.Testcase19" name="viewBrandProducts" time="0.0">
    <skipped/>
  </testcase> <!-- viewBrandProducts -->
  <testcase classname="Tests.Testcase04" name="logoutUser" time="0.0">
    <skipped/>
  </testcase> <!-- logoutUser -->
  <testcase classname="Tests.Testcase20" name="searchAddCartAfterLogin" time="0.0">
    <skipped/>
  </testcase> <!-- searchAddCartAfterLogin -->
  <testcase classname="Tests.Testcase22" name="cartRecommandedItems" time="0.0">
    <skipped/>
  </testcase> <!-- cartRecommandedItems -->
  <testcase classname="Tests.Testcase06" name="contactForm" time="0.0">
    <skipped/>
  </testcase> <!-- contactForm -->
  <testcase classname="Tests.Testcase18" name="viewCategoryProducts" time="0.0">
    <skipped/>
  </testcase> <!-- viewCategoryProducts -->
  <testcase classname="Tests.Testcase25" name="scrollUpArrow" time="0.0">
    <skipped/>
  </testcase> <!-- scrollUpArrow -->
  <testcase classname="Tests.Testcase01" name="registerUser" time="0.0">
    <skipped/>
  </testcase> <!-- registerUser -->
  <testcase classname="Tests.Testcase03" name="loginUserNon" time="0.0">
    <skipped/>
  </testcase> <!-- loginUserNon -->
  <testcase classname="Tests.Testcase23" name="VerifyAddressCheckout" time="0.0">
    <skipped/>
  </testcase> <!-- VerifyAddressCheckout -->
  <testcase classname="Tests.Testcase07" name="testcasepage" time="0.0">
    <skipped/>
  </testcase> <!-- testcasepage -->
  <testcase classname="Tests.Testcase05" name="registerUserNon" time="0.0">
    <skipped/>
  </testcase> <!-- registerUserNon -->
  <testcase classname="Tests.Testcase21" name="addReview" time="0.0">
    <skipped/>
  </testcase> <!-- addReview -->
  <testcase classname="Tests.Testcase10" name="subhome" time="0.0">
    <skipped/>
  </testcase> <!-- subhome -->
  <testcase classname="Tests.Testcase09" name="searchProduct" time="0.0">
    <skipped/>
  </testcase> <!-- searchProduct -->
  <testcase classname="Tests.Testcase12" name="addProducts" time="0.001">
    <skipped/>
  </testcase> <!-- addProducts -->
  <testcase classname="Tests.Testcase16" name="loginBeforeCheckout" time="0.0">
    <skipped/>
  </testcase> <!-- loginBeforeCheckout -->
  <testcase classname="Tests.Testcase14" name="registerWhileCheckout" time="0.0">
    <skipped/>
  </testcase> <!-- registerWhileCheckout -->
  <testcase classname="Tests.Testcase13" name="productQuantity" time="0.0">
    <skipped/>
  </testcase> <!-- productQuantity -->
  <testcase classname="Tests.Testcase11" name="subCart" time="0.0">
    <skipped/>
  </testcase> <!-- subCart -->
  <testcase classname="Tests.Testcase08" name="productdetails" time="0.0">
    <skipped/>
  </testcase> <!-- productdetails -->
  <testcase classname="Tests.Testcase15" name="regBeforeCheckout" time="0.0">
    <skipped/>
  </testcase> <!-- regBeforeCheckout -->
  <testcase classname="Tests.Testcase17" name="removeProductsCart" time="0.0">
    <skipped/>
  </testcase> <!-- removeProductsCart -->
  <testcase classname="utilities.BaseClass" name="@AfterSuite reportGenerate" time="0.0">
    <ignored/>
  </testcase> <!-- @AfterSuite reportGenerate -->
  <testcase classname="utilities.BaseClass" name="@AfterSuite reportGenerate" time="0.0">
    <ignored/>
  </testcase> <!-- @AfterSuite reportGenerate -->
  <testcase classname="utilities.BaseClass" name="@BeforeSuite init" time="0.0">
    <ignored/>
  </testcase> <!-- @BeforeSuite init -->
  <testcase classname="utilities.BaseClass" name="@AfterSuite reportGenerate" time="0.0">
    <ignored/>
  </testcase> <!-- @AfterSuite reportGenerate -->
  <testcase classname="utilities.BaseClass" name="@AfterSuite reportGenerate" time="0.0">
    <ignored/>
  </testcase> <!-- @AfterSuite reportGenerate -->
  <testcase classname="utilities.BaseClass" name="@AfterSuite reportGenerate" time="0.0">
    <ignored/>
  </testcase> <!-- @AfterSuite reportGenerate -->
  <testcase classname="utilities.BaseClass" name="@BeforeSuite init" time="0.0">
    <ignored/>
  </testcase> <!-- @BeforeSuite init -->
  <testcase classname="utilities.BaseClass" name="@AfterSuite reportGenerate" time="0.0">
    <ignored/>
  </testcase> <!-- @AfterSuite reportGenerate -->
  <testcase classname="utilities.BaseClass" name="@BeforeSuite init" time="0.0">
    <ignored/>
  </testcase> <!-- @BeforeSuite init -->
  <testcase classname="utilities.BaseClass" name="@BeforeSuite init" time="0.0">
    <ignored/>
  </testcase> <!-- @BeforeSuite init -->
  <testcase classname="utilities.BaseClass" name="@AfterSuite reportGenerate" time="0.0">
    <ignored/>
  </testcase> <!-- @AfterSuite reportGenerate -->
  <testcase classname="utilities.BaseClass" name="@AfterSuite reportGenerate" time="0.0">
    <ignored/>
  </testcase> <!-- @AfterSuite reportGenerate -->
  <testcase classname="utilities.BaseClass" name="@BeforeSuite init" time="0.0">
    <ignored/>
  </testcase> <!-- @BeforeSuite init -->
  <testcase classname="utilities.BaseClass" name="@BeforeSuite init" time="0.0">
    <ignored/>
  </testcase> <!-- @BeforeSuite init -->
  <testcase classname="utilities.BaseClass" name="@AfterSuite reportGenerate" time="0.0">
    <ignored/>
  </testcase> <!-- @AfterSuite reportGenerate -->
  <testcase classname="utilities.BaseClass" name="@BeforeSuite init" time="0.0">
    <ignored/>
  </testcase> <!-- @BeforeSuite init -->
  <testcase classname="utilities.BaseClass" name="@BeforeSuite init" time="0.0">
    <ignored/>
  </testcase> <!-- @BeforeSuite init -->
  <testcase classname="utilities.BaseClass" name="@AfterSuite reportGenerate" time="0.0">
    <ignored/>
  </testcase> <!-- @AfterSuite reportGenerate -->
  <testcase classname="utilities.BaseClass" name="@AfterSuite reportGenerate" time="0.0">
    <ignored/>
  </testcase> <!-- @AfterSuite reportGenerate -->
  <testcase classname="utilities.BaseClass" name="@BeforeSuite init" time="0.0">
    <ignored/>
  </testcase> <!-- @BeforeSuite init -->
  <testcase classname="utilities.BaseClass" name="@AfterSuite reportGenerate" time="0.0">
    <ignored/>
  </testcase> <!-- @AfterSuite reportGenerate -->
  <testcase classname="utilities.BaseClass" name="@BeforeSuite init" time="0.0">
    <ignored/>
  </testcase> <!-- @BeforeSuite init -->
  <testcase classname="utilities.BaseClass" name="@BeforeSuite init" time="0.0">
    <ignored/>
  </testcase> <!-- @BeforeSuite init -->
  <testcase classname="utilities.BaseClass" name="@AfterSuite reportGenerate" time="0.0">
    <ignored/>
  </testcase> <!-- @AfterSuite reportGenerate -->
  <testcase classname="utilities.BaseClass" name="@AfterSuite reportGenerate" time="0.0">
    <ignored/>
  </testcase> <!-- @AfterSuite reportGenerate -->
  <testcase classname="utilities.BaseClass" name="@AfterSuite reportGenerate" time="0.0">
    <ignored/>
  </testcase> <!-- @AfterSuite reportGenerate -->
  <testcase classname="utilities.BaseClass" name="@AfterSuite reportGenerate" time="0.0">
    <ignored/>
  </testcase> <!-- @AfterSuite reportGenerate -->
  <testcase classname="utilities.BaseClass" name="@BeforeSuite init" time="0.0">
    <ignored/>
  </testcase> <!-- @BeforeSuite init -->
  <testcase classname="utilities.BaseClass" name="@BeforeSuite init" time="0.0">
    <ignored/>
  </testcase> <!-- @BeforeSuite init -->
  <testcase classname="utilities.BaseClass" name="@BeforeSuite init" time="0.0">
    <ignored/>
  </testcase> <!-- @BeforeSuite init -->
  <testcase classname="utilities.BaseClass" name="@AfterSuite reportGenerate" time="0.0">
    <ignored/>
  </testcase> <!-- @AfterSuite reportGenerate -->
  <testcase classname="utilities.BaseClass" name="@AfterSuite reportGenerate" time="0.0">
    <ignored/>
  </testcase> <!-- @AfterSuite reportGenerate -->
  <testcase classname="utilities.BaseClass" name="@AfterSuite reportGenerate" time="0.0">
    <ignored/>
  </testcase> <!-- @AfterSuite reportGenerate -->
  <testcase classname="utilities.BaseClass" name="@AfterSuite reportGenerate" time="0.0">
    <ignored/>
  </testcase> <!-- @AfterSuite reportGenerate -->
  <testcase classname="utilities.BaseClass" name="@BeforeSuite init" time="0.0">
    <ignored/>
  </testcase> <!-- @BeforeSuite init -->
  <testcase classname="utilities.BaseClass" name="@BeforeSuite init" time="0.0">
    <ignored/>
  </testcase> <!-- @BeforeSuite init -->
  <testcase classname="utilities.BaseClass" name="@BeforeSuite init" time="0.0">
    <ignored/>
  </testcase> <!-- @BeforeSuite init -->
  <testcase classname="utilities.BaseClass" name="@AfterSuite reportGenerate" time="0.0">
    <ignored/>
  </testcase> <!-- @AfterSuite reportGenerate -->
  <testcase classname="utilities.BaseClass" name="@BeforeSuite init" time="0.0">
    <ignored/>
  </testcase> <!-- @BeforeSuite init -->
  <testcase classname="utilities.BaseClass" name="@AfterSuite reportGenerate" time="0.0">
    <ignored/>
  </testcase> <!-- @AfterSuite reportGenerate -->
  <testcase classname="utilities.BaseClass" name="@BeforeSuite init" time="0.0">
    <ignored/>
  </testcase> <!-- @BeforeSuite init -->
  <testcase classname="utilities.BaseClass" name="@BeforeSuite init" time="0.0">
    <ignored/>
  </testcase> <!-- @BeforeSuite init -->
  <testcase classname="utilities.BaseClass" name="@BeforeSuite init" time="0.0">
    <ignored/>
  </testcase> <!-- @BeforeSuite init -->
  <testcase classname="utilities.BaseClass" name="@AfterSuite reportGenerate" time="0.0">
    <ignored/>
  </testcase> <!-- @AfterSuite reportGenerate -->
  <testcase classname="utilities.BaseClass" name="@BeforeSuite init" time="0.0">
    <ignored/>
  </testcase> <!-- @BeforeSuite init -->
  <testcase classname="utilities.BaseClass" name="@BeforeSuite init" time="0.0">
    <ignored/>
  </testcase> <!-- @BeforeSuite init -->
  <testcase classname="utilities.BaseClass" name="@AfterSuite reportGenerate" time="0.0">
    <ignored/>
  </testcase> <!-- @AfterSuite reportGenerate -->
  <testcase classname="utilities.BaseClass" name="@AfterSuite reportGenerate" time="0.0">
    <ignored/>
  </testcase> <!-- @AfterSuite reportGenerate -->
  <testcase classname="utilities.BaseClass" name="@BeforeSuite init" time="0.0">
    <ignored/>
  </testcase> <!-- @BeforeSuite init -->
  <testcase classname="utilities.BaseClass" name="@BeforeSuite init" time="0.0">
    <ignored/>
  </testcase> <!-- @BeforeSuite init -->
</testsuite> <!-- Surefire test -->
