<?xml version="1.0" encoding="UTF-8"?>
<!-- Generated by org.testng.reporters.JUnitXMLReporter -->
<testsuite ignored="0" hostname="Bharaths-MacBook-Pro.local" failures="0" tests="4" name="Test" time="88.539" errors="0" timestamp="2025-06-26T13:26:38 IST">
  <testcase classname="Tests.Testcase01" name="registerUser" time="12.964"/>
  <testcase classname="Tests.Testcase02" name="loginUser" time="22.21"/>
  <testcase classname="Tests.Testcase03" name="loginUserNon" time="7.109"/>
  <testcase classname="Tests.Testcase04" name="logoutUser" time="21.701"/>
</testsuite> <!-- Test -->
