<?xml version="1.0" encoding="UTF-8"?>
<!-- Generated by org.testng.reporters.JUnitXMLReporter -->
<testsuite ignored="0" hostname="Bharaths-MacBook-Pro.local" failures="0" tests="4" name="Test" time="104.964" errors="0" timestamp="2025-06-26T13:42:41 IST">
  <testcase classname="Tests.Testcase01" name="registerUser" time="16.339"/>
  <testcase classname="Tests.Testcase02" name="loginUser" time="22.552"/>
  <testcase classname="Tests.Testcase03" name="loginUserNon" time="20.509"/>
  <testcase classname="Tests.Testcase04" name="logoutUser" time="30.831"/>
</testsuite> <!-- Test -->
